### 0) Sequenziell ##

	3,141110 (476 ms, 1 Thread, 10.000.000 Punkte)
	3,141514 (480 ms, 1 Thread, 10.000.000 Punkte)
	3,141853 (481 ms, 1 Thread, 10.000.000 Punkte)
	
	3,141762 (4577 ms, 1 Thread, 100.000.000 Punkte)
	3,141462 (4539 ms, 1 Thread, 100.000.000 Punkte)
	3,141862 (4598 ms, 1 Thread, 100.000.000 Punkte)

### 1) Sequenziell mit Thread-unsicherem Zufallszahlengenerator ##

	3,141624 (146 ms, 1 Thread, 10.000.000 Punkte)
	3,142118 (146 ms, 1 Thread, 10.000.000 Punkte)
	3,140592 (146 ms, 1 Thread, 10.000.000 Punkte)
	
	3,141681 (1289 ms, 1 Thread, 100.000.000 Punkte)
	3,141664 (1302 ms, 1 Thread, 100.000.000 Punkte)
	3,141695 (1287 ms, 1 Thread, 100.000.000 Punkte)

### 2) synchronized auf gemeinsamen Lock ##

	3,141623 (1517 ms, 8 Threads, 10.000.000 Punkte)
	3,141983 (1574 ms, 8 Threads, 10.000.000 Punkte)
	3,141500 (1516 ms, 8 Threads, 10.000.000 Punkte)
	
	3,142470 (1633 ms, 16 Threads, 10.000.000 Punkte)
	3,141049 (1649 ms, 16 Threads, 10.000.000 Punkte)
	3,141593 (1525 ms, 16 Threads, 10.000.000 Punkte)
	
	3,141692 (1495 ms, 32 Threads, 10.000.000 Punkte)
	3,140560 (1519 ms, 32 Threads, 10.000.000 Punkte)
	3,141612 (1500 ms, 32 Threads, 10.000.000 Punkte)
	
	3,141496 (14925 ms, 8 Threads, 100.000.000 Punkte)
	3,141914 (14879 ms, 8 Threads, 100.000.000 Punkte)
	3,141761 (16643 ms, 8 Threads, 100.000.000 Punkte)

### 3) synchronized auf getrennte Lock-Objekte ##

	3,141676 (1476 ms, 8 Threads, 10.000.000 Punkte)
	3,141421 (1407 ms, 8 Threads, 10.000.000 Punkte)
	3,141067 (1450 ms, 8 Threads, 10.000.000 Punkte)
	
	3,141330 (1457 ms, 16 Threads, 10.000.000 Punkte)
	3,140607 (1448 ms, 16 Threads, 10.000.000 Punkte)
	3,142683 (1461 ms, 16 Threads, 10.000.000 Punkte)
	
	3,140551 (1457 ms, 32 Threads, 10.000.000 Punkte)
	3,142291 (1472 ms, 32 Threads, 10.000.000 Punkte)
	3,141232 (1456 ms, 32 Threads, 10.000.000 Punkte)
	
	3,141704 (14946 ms, 8 Threads, 100.000.000 Punkte)
	3,141619 (14814 ms, 8 Threads, 100.000.000 Punkte)
	3,141718 (14529 ms, 8 Threads, 100.000.000 Punkte)

### 4) synchronized auf getrennte Lock-Objekte, aber es werden die Punkte im Kreis und alle zusammen gezählt:

	3,141429 (1906 ms, 8 Threads, 10.000.000 Punkte)
	3,142169 (1955 ms, 8 Threads, 10.000.000 Punkte)
	3,141061 (1886 ms, 8 Threads, 10.000.000 Punkte)
	
	3,140720 (1903 ms, 16 Threads, 10.000.000 Punkte)
	3,141230 (1848 ms, 16 Threads, 10.000.000 Punkte)
	3,142047 (1954 ms, 16 Threads, 10.000.000 Punkte)
	
	3,141635 (1944 ms, 32 Threads, 10.000.000 Punkte)
	3,141926 (1915 ms, 32 Threads, 10.000.000 Punkte)
	3,141128 (1912 ms, 32 Threads, 10.000.000 Punkte)
	
	3,141608 (18352 ms, 8 Threads, 100.000.000 Punkte)
	3,141649 (18790 ms, 8 Threads, 100.000.000 Punkte)
	3,141599 (18757 ms, 8 Threads, 100.000.000 Punkte)

### 5) Instanzvariablen in Thread mit Thread-lokalem Zugriff (ohne synchronized) ##

	3,141324 (134 ms, 8 Threads, 10.000.000 Punkte)
	3,141668 (133 ms, 8 Threads, 10.000.000 Punkte)
	3,141710 (129 ms, 8 Threads, 10.000.000 Punkte)
	
	3,141132 (130 ms, 16 Threads, 10.000.000 Punkte)
	3,140978 (143 ms, 16 Threads, 10.000.000 Punkte)
	3,140544 (150 ms, 16 Threads, 10.000.000 Punkte)
	
	3,142255 (136 ms, 32 Threads, 10.000.000 Punkte)
	3,141222 (137 ms, 32 Threads, 10.000.000 Punkte)
	3,140989 (147 ms, 32 Threads, 10.000.000 Punkte)
	
	3,141666 (878 ms, 8 Threads, 100.000.000 Punkte)
	3,141580 (895 ms, 8 Threads, 100.000.000 Punkte)
	3,141524 (896 ms, 8 Threads, 100.000.000 Punkte)

### 6) Instanzvariablen in Runnable mit Thread-lokalem Zugriff (ohne synchronized) ##

	3,140945 (132 ms, 8 Threads, 10.000.000 Punkte)
	3,141344 (140 ms, 8 Threads, 10.000.000 Punkte)
	3,141655 (145 ms, 8 Threads, 10.000.000 Punkte)
	
	3,141252 (127 ms, 16 Threads, 10.000.000 Punkte)
	3,142052 (141 ms, 16 Threads, 10.000.000 Punkte)
	3,141092 (145 ms, 16 Threads, 10.000.000 Punkte)
	
	3,141886 (193 ms, 32 Threads, 10.000.000 Punkte)
	3,142577 (141 ms, 32 Threads, 10.000.000 Punkte)
	3,141586 (122 ms, 32 Threads, 10.000.000 Punkte)
	
	3,141370 (963 ms, 8 Threads, 100.000.000 Punkte)
	3,141436 (974 ms, 8 Threads, 100.000.000 Punkte)
	3,141630 (947 ms, 8 Threads, 100.000.000 Punkte)

### 7) 4) mit Thread-lokalem Zufallszahlengenrator ##

	3,141989 (54 ms, 8 Threads, 10.000.000 Punkte)
	3,141865 (62 ms, 8 Threads, 10.000.000 Punkte)
	3,142188 (51 ms, 8 Threads, 10.000.000 Punkte)
	
	3,141710 (67 ms, 16 Threads, 10.000.000 Punkte)
	3,140867 (66 ms, 16 Threads, 10.000.000 Punkte)
	3,141256 (65 ms, 16 Threads, 10.000.000 Punkte)
	
	3,141702 (89 ms, 32 Threads, 10.000.000 Punkte)
	3,142018 (64 ms, 32 Threads, 10.000.000 Punkte)
	3,141583 (74 ms, 32 Threads, 10.000.000 Punkte)
	
	3,141777 (262 ms, 8 Threads, 100.000.000 Punkte)
	3,141503 (251 ms, 8 Threads, 100.000.000 Punkte)
	3,141429 (253 ms, 8 Threads, 100.000.000 Punkte)	
